{"C:\\Users\\Dell\\Desktop\\threat-dashboard\\backend\\src\\index.ts": {"path":"C:\\Users\\Dell\\Desktop\\threat-dashboard\\backend\\src\\index.ts","statementMap":{"0":{"start":{"line":1,"column":0},"end":{"line":1,"column":30}},"1":{"start":{"line":2,"column":0},"end":{"line":2,"column":28}},"2":{"start":{"line":3,"column":0},"end":{"line":3,"column":24}},"3":{"start":{"line":4,"column":0},"end":{"line":4,"column":50}},"4":{"start":{"line":5,"column":0},"end":{"line":5,"column":46}},"5":{"start":{"line":7,"column":0},"end":{"line":7,"column":16}},"6":{"start":{"line":8,"column":12},"end":{"line":8,"column":21}},"7":{"start":{"line":9,"column":13},"end":{"line":9,"column":37}},"8":{"start":{"line":10,"column":0},"end":{"line":10,"column":16}},"9":{"start":{"line":11,"column":0},"end":{"line":11,"column":24}},"10":{"start":{"line":12,"column":0},"end":{"line":12,"column":33}},"11":{"start":{"line":13,"column":0},"end":{"line":13,"column":38}},"12":{"start":{"line":15,"column":0},"end":{"line":17,"column":3}},"13":{"start":{"line":16,"column":2},"end":{"line":16,"column":48}}},"fnMap":{"0":{"name":"(anonymous_1)","decl":{"start":{"line":15,"column":17},"end":{"line":15,"column":20}},"loc":{"start":{"line":15,"column":22},"end":{"line":17,"column":1}}}},"branchMap":{"0":{"loc":{"start":{"line":9,"column":13},"end":{"line":9,"column":37}},"type":"binary-expr","locations":[{"start":{"line":9,"column":13},"end":{"line":9,"column":29}},{"start":{"line":9,"column":33},"end":{"line":9,"column":37}}]}},"s":{"0":0,"1":0,"2":0,"3":0,"4":0,"5":0,"6":0,"7":0,"8":0,"9":0,"10":0,"11":0,"12":0,"13":0},"f":{"0":0},"b":{"0":[0,0]}}
,"C:\\Users\\Dell\\Desktop\\threat-dashboard\\backend\\src\\controllers\\auth.controller.ts": {"path":"C:\\Users\\Dell\\Desktop\\threat-dashboard\\backend\\src\\controllers\\auth.controller.ts","statementMap":{"0":{"start":{"line":2,"column":0},"end":{"line":2,"column":34}},"1":{"start":{"line":3,"column":0},"end":{"line":3,"column":30}},"2":{"start":{"line":4,"column":0},"end":{"line":4,"column":31}},"3":{"start":{"line":6,"column":19},"end":{"line":6,"column":58}},"4":{"start":{"line":8,"column":24},"end":{"line":26,"column":2}},"5":{"start":{"line":8,"column":62},"end":{"line":26,"column":2}},"6":{"start":{"line":9,"column":30},"end":{"line":9,"column":38}},"7":{"start":{"line":10,"column":2},"end":{"line":12,"column":3}},"8":{"start":{"line":11,"column":4},"end":{"line":11,"column":81}},"9":{"start":{"line":13,"column":2},"end":{"line":25,"column":3}},"10":{"start":{"line":14,"column":25},"end":{"line":14,"column":75}},"11":{"start":{"line":15,"column":4},"end":{"line":17,"column":5}},"12":{"start":{"line":16,"column":6},"end":{"line":16,"column":71}},"13":{"start":{"line":18,"column":27},"end":{"line":18,"column":58}},"14":{"start":{"line":19,"column":17},"end":{"line":21,"column":6}},"15":{"start":{"line":22,"column":4},"end":{"line":22,"column":78}},"16":{"start":{"line":24,"column":4},"end":{"line":24,"column":76}},"17":{"start":{"line":8,"column":13},"end":{"line":8,"column":24}},"18":{"start":{"line":28,"column":21},"end":{"line":47,"column":2}},"19":{"start":{"line":28,"column":59},"end":{"line":47,"column":2}},"20":{"start":{"line":29,"column":30},"end":{"line":29,"column":38}},"21":{"start":{"line":30,"column":2},"end":{"line":32,"column":3}},"22":{"start":{"line":31,"column":4},"end":{"line":31,"column":81}},"23":{"start":{"line":33,"column":2},"end":{"line":46,"column":3}},"24":{"start":{"line":34,"column":17},"end":{"line":34,"column":67}},"25":{"start":{"line":35,"column":4},"end":{"line":37,"column":5}},"26":{"start":{"line":36,"column":6},"end":{"line":36,"column":71}},"27":{"start":{"line":38,"column":20},"end":{"line":38,"column":65}},"28":{"start":{"line":39,"column":4},"end":{"line":41,"column":5}},"29":{"start":{"line":40,"column":6},"end":{"line":40,"column":71}},"30":{"start":{"line":42,"column":18},"end":{"line":42,"column":99}},"31":{"start":{"line":43,"column":4},"end":{"line":43,"column":43}},"32":{"start":{"line":45,"column":4},"end":{"line":45,"column":69}},"33":{"start":{"line":28,"column":13},"end":{"line":28,"column":21}}},"fnMap":{"0":{"name":"(anonymous_8)","decl":{"start":{"line":8,"column":24},"end":{"line":8,"column":31}},"loc":{"start":{"line":8,"column":62},"end":{"line":26,"column":2}}},"1":{"name":"(anonymous_9)","decl":{"start":{"line":8,"column":62},"end":{"line":8,"column":null}},"loc":{"start":{"line":8,"column":62},"end":{"line":26,"column":1}}},"2":{"name":"(anonymous_10)","decl":{"start":{"line":28,"column":21},"end":{"line":28,"column":28}},"loc":{"start":{"line":28,"column":59},"end":{"line":47,"column":2}}},"3":{"name":"(anonymous_11)","decl":{"start":{"line":28,"column":59},"end":{"line":28,"column":null}},"loc":{"start":{"line":28,"column":59},"end":{"line":47,"column":1}}}},"branchMap":{"0":{"loc":{"start":{"line":6,"column":19},"end":{"line":6,"column":58}},"type":"binary-expr","locations":[{"start":{"line":6,"column":19},"end":{"line":6,"column":41}},{"start":{"line":6,"column":45},"end":{"line":6,"column":58}}]},"1":{"loc":{"start":{"line":10,"column":2},"end":{"line":12,"column":3}},"type":"if","locations":[{"start":{"line":10,"column":2},"end":{"line":12,"column":3}},{"start":{},"end":{}}]},"2":{"loc":{"start":{"line":10,"column":6},"end":{"line":10,"column":25}},"type":"binary-expr","locations":[{"start":{"line":10,"column":6},"end":{"line":10,"column":12}},{"start":{"line":10,"column":16},"end":{"line":10,"column":25}}]},"3":{"loc":{"start":{"line":15,"column":4},"end":{"line":17,"column":5}},"type":"if","locations":[{"start":{"line":15,"column":4},"end":{"line":17,"column":5}},{"start":{},"end":{}}]},"4":{"loc":{"start":{"line":30,"column":2},"end":{"line":32,"column":3}},"type":"if","locations":[{"start":{"line":30,"column":2},"end":{"line":32,"column":3}},{"start":{},"end":{}}]},"5":{"loc":{"start":{"line":30,"column":6},"end":{"line":30,"column":25}},"type":"binary-expr","locations":[{"start":{"line":30,"column":6},"end":{"line":30,"column":12}},{"start":{"line":30,"column":16},"end":{"line":30,"column":25}}]},"6":{"loc":{"start":{"line":35,"column":4},"end":{"line":37,"column":5}},"type":"if","locations":[{"start":{"line":35,"column":4},"end":{"line":37,"column":5}},{"start":{},"end":{}}]},"7":{"loc":{"start":{"line":39,"column":4},"end":{"line":41,"column":5}},"type":"if","locations":[{"start":{"line":39,"column":4},"end":{"line":41,"column":5}},{"start":{},"end":{}}]}},"s":{"0":1,"1":1,"2":1,"3":1,"4":1,"5":6,"6":6,"7":6,"8":2,"9":4,"10":4,"11":4,"12":1,"13":3,"14":3,"15":3,"16":0,"17":1,"18":1,"19":5,"20":5,"21":5,"22":2,"23":3,"24":3,"25":3,"26":1,"27":2,"28":2,"29":1,"30":1,"31":1,"32":0,"33":1},"f":{"0":6,"1":6,"2":5,"3":5},"b":{"0":[1,1],"1":[2,4],"2":[6,5],"3":[1,3],"4":[2,3],"5":[5,4],"6":[1,2],"7":[1,1]}}
,"C:\\Users\\Dell\\Desktop\\threat-dashboard\\backend\\src\\controllers\\threat.controller.ts": {"path":"C:\\Users\\Dell\\Desktop\\threat-dashboard\\backend\\src\\controllers\\threat.controller.ts","statementMap":{"0":{"start":{"line":2,"column":0},"end":{"line":2,"column":34}},"1":{"start":{"line":4,"column":29},"end":{"line":49,"column":2}},"2":{"start":{"line":4,"column":67},"end":{"line":49,"column":2}},"3":{"start":{"line":5,"column":2},"end":{"line":48,"column":3}},"4":{"start":{"line":6,"column":55},"end":{"line":6,"column":64}},"5":{"start":{"line":8,"column":23},"end":{"line":8,"column":25}},"6":{"start":{"line":10,"column":4},"end":{"line":10,"column":51}},"7":{"start":{"line":10,"column":18},"end":{"line":10,"column":51}},"8":{"start":{"line":11,"column":4},"end":{"line":15,"column":8}},"9":{"start":{"line":12,"column":6},"end":{"line":15,"column":8}},"10":{"start":{"line":18,"column":18},"end":{"line":18,"column":54}},"11":{"start":{"line":20,"column":20},"end":{"line":24,"column":6}},"12":{"start":{"line":27,"column":23},"end":{"line":27,"column":48}},"13":{"start":{"line":28,"column":24},"end":{"line":28,"column":42}},"14":{"start":{"line":29,"column":24},"end":{"line":29,"column":33}},"15":{"start":{"line":31,"column":4},"end":{"line":45,"column":7}},"16":{"start":{"line":47,"column":4},"end":{"line":47,"column":63}},"17":{"start":{"line":4,"column":13},"end":{"line":4,"column":29}},"18":{"start":{"line":51,"column":29},"end":{"line":65,"column":2}},"19":{"start":{"line":51,"column":67},"end":{"line":65,"column":2}},"20":{"start":{"line":52,"column":2},"end":{"line":64,"column":3}},"21":{"start":{"line":53,"column":19},"end":{"line":55,"column":6}},"22":{"start":{"line":57,"column":4},"end":{"line":60,"column":5}},"23":{"start":{"line":58,"column":6},"end":{"line":58,"column":58}},"24":{"start":{"line":59,"column":6},"end":{"line":59,"column":13}},"25":{"start":{"line":61,"column":4},"end":{"line":61,"column":21}},"26":{"start":{"line":63,"column":4},"end":{"line":63,"column":62}},"27":{"start":{"line":51,"column":13},"end":{"line":51,"column":29}},"28":{"start":{"line":67,"column":30},"end":{"line":85,"column":2}},"29":{"start":{"line":67,"column":69},"end":{"line":85,"column":2}},"30":{"start":{"line":68,"column":2},"end":{"line":84,"column":3}},"31":{"start":{"line":69,"column":18},"end":{"line":69,"column":45}},"32":{"start":{"line":71,"column":23},"end":{"line":74,"column":6}},"33":{"start":{"line":76,"column":23},"end":{"line":79,"column":6}},"34":{"start":{"line":81,"column":4},"end":{"line":81,"column":48}},"35":{"start":{"line":83,"column":4},"end":{"line":83,"column":61}},"36":{"start":{"line":67,"column":13},"end":{"line":67,"column":30}},"37":{"start":{"line":87,"column":32},"end":{"line":98,"column":2}},"38":{"start":{"line":87,"column":71},"end":{"line":98,"column":2}},"39":{"start":{"line":88,"column":2},"end":{"line":97,"column":3}},"40":{"start":{"line":89,"column":23},"end":{"line":93,"column":6}},"41":{"start":{"line":94,"column":4},"end":{"line":94,"column":53}},"42":{"start":{"line":94,"column":33},"end":{"line":94,"column":50}},"43":{"start":{"line":96,"column":4},"end":{"line":96,"column":66}},"44":{"start":{"line":87,"column":13},"end":{"line":87,"column":32}}},"fnMap":{"0":{"name":"(anonymous_8)","decl":{"start":{"line":4,"column":29},"end":{"line":4,"column":36}},"loc":{"start":{"line":4,"column":67},"end":{"line":49,"column":2}}},"1":{"name":"(anonymous_9)","decl":{"start":{"line":4,"column":67},"end":{"line":4,"column":null}},"loc":{"start":{"line":4,"column":67},"end":{"line":49,"column":1}}},"2":{"name":"(anonymous_10)","decl":{"start":{"line":51,"column":29},"end":{"line":51,"column":36}},"loc":{"start":{"line":51,"column":67},"end":{"line":65,"column":2}}},"3":{"name":"(anonymous_11)","decl":{"start":{"line":51,"column":67},"end":{"line":51,"column":null}},"loc":{"start":{"line":51,"column":67},"end":{"line":65,"column":1}}},"4":{"name":"(anonymous_12)","decl":{"start":{"line":67,"column":30},"end":{"line":67,"column":37}},"loc":{"start":{"line":67,"column":69},"end":{"line":85,"column":2}}},"5":{"name":"(anonymous_13)","decl":{"start":{"line":67,"column":69},"end":{"line":67,"column":null}},"loc":{"start":{"line":67,"column":69},"end":{"line":85,"column":1}}},"6":{"name":"(anonymous_14)","decl":{"start":{"line":87,"column":32},"end":{"line":87,"column":39}},"loc":{"start":{"line":87,"column":71},"end":{"line":98,"column":2}}},"7":{"name":"(anonymous_15)","decl":{"start":{"line":87,"column":71},"end":{"line":87,"column":null}},"loc":{"start":{"line":87,"column":71},"end":{"line":98,"column":1}}},"8":{"name":"(anonymous_16)","decl":{"start":{"line":94,"column":28},"end":{"line":94,"column":29}},"loc":{"start":{"line":94,"column":33},"end":{"line":94,"column":50}}}},"branchMap":{"0":{"loc":{"start":{"line":6,"column":12},"end":{"line":6,"column":20}},"type":"default-arg","locations":[{"start":{"line":6,"column":19},"end":{"line":6,"column":20}}]},"1":{"loc":{"start":{"line":6,"column":22},"end":{"line":6,"column":32}},"type":"default-arg","locations":[{"start":{"line":6,"column":30},"end":{"line":6,"column":32}}]},"2":{"loc":{"start":{"line":10,"column":4},"end":{"line":10,"column":51}},"type":"if","locations":[{"start":{"line":10,"column":4},"end":{"line":10,"column":51}},{"start":{},"end":{}}]},"3":{"loc":{"start":{"line":11,"column":4},"end":{"line":15,"column":8}},"type":"if","locations":[{"start":{"line":11,"column":4},"end":{"line":15,"column":8}},{"start":{},"end":{}}]},"4":{"loc":{"start":{"line":42,"column":18},"end":{"line":42,"column":34}},"type":"binary-expr","locations":[{"start":{"line":42,"column":18},"end":{"line":42,"column":26}},{"start":{"line":42,"column":30},"end":{"line":42,"column":34}}]},"5":{"loc":{"start":{"line":43,"column":16},"end":{"line":43,"column":30}},"type":"binary-expr","locations":[{"start":{"line":43,"column":16},"end":{"line":43,"column":22}},{"start":{"line":43,"column":26},"end":{"line":43,"column":30}}]},"6":{"loc":{"start":{"line":57,"column":4},"end":{"line":60,"column":5}},"type":"if","locations":[{"start":{"line":57,"column":4},"end":{"line":60,"column":5}},{"start":{},"end":{}}]}},"s":{"0":1,"1":1,"2":3,"3":3,"4":3,"5":3,"6":3,"7":1,"8":3,"9":1,"10":3,"11":3,"12":3,"13":3,"14":3,"15":3,"16":0,"17":1,"18":1,"19":2,"20":2,"21":2,"22":2,"23":1,"24":1,"25":1,"26":0,"27":1,"28":1,"29":1,"30":1,"31":1,"32":1,"33":1,"34":1,"35":0,"36":1,"37":1,"38":1,"39":1,"40":1,"41":1,"42":2,"43":0,"44":1},"f":{"0":3,"1":3,"2":2,"3":2,"4":1,"5":1,"6":1,"7":1,"8":2},"b":{"0":[3],"1":[3],"2":[1,2],"3":[1,2],"4":[3,2],"5":[3,2],"6":[1,1]}}
,"C:\\Users\\Dell\\Desktop\\threat-dashboard\\backend\\src\\db\\prisma.ts": {"path":"C:\\Users\\Dell\\Desktop\\threat-dashboard\\backend\\src\\db\\prisma.ts","statementMap":{"0":{"start":{"line":1,"column":0},"end":{"line":1,"column":46}},"1":{"start":{"line":2,"column":15},"end":{"line":2,"column":33}},"2":{"start":{"line":3,"column":0},"end":{"line":3,"column":22}}},"fnMap":{},"branchMap":{},"s":{"0":2,"1":2,"2":2},"f":{},"b":{}}
,"C:\\Users\\Dell\\Desktop\\threat-dashboard\\backend\\src\\middleware\\auth.middleware.ts": {"path":"C:\\Users\\Dell\\Desktop\\threat-dashboard\\backend\\src\\middleware\\auth.middleware.ts","statementMap":{"0":{"start":{"line":2,"column":0},"end":{"line":2,"column":31}},"1":{"start":{"line":4,"column":19},"end":{"line":4,"column":58}},"2":{"start":{"line":6,"column":33},"end":{"line":17,"column":1}},"3":{"start":{"line":7,"column":21},"end":{"line":7,"column":49}},"4":{"start":{"line":8,"column":16},"end":{"line":8,"column":54}},"5":{"start":{"line":9,"column":2},"end":{"line":11,"column":3}},"6":{"start":{"line":10,"column":4},"end":{"line":10,"column":67}},"7":{"start":{"line":12,"column":2},"end":{"line":16,"column":5}},"8":{"start":{"line":13,"column":4},"end":{"line":13,"column":72}},"9":{"start":{"line":13,"column":13},"end":{"line":13,"column":72}},"10":{"start":{"line":14,"column":5},"end":{"line":14,"column":29}},"11":{"start":{"line":15,"column":4},"end":{"line":15,"column":11}},"12":{"start":{"line":6,"column":13},"end":{"line":6,"column":33}}},"fnMap":{"0":{"name":"(anonymous_1)","decl":{"start":{"line":6,"column":33},"end":{"line":6,"column":34}},"loc":{"start":{"line":6,"column":85},"end":{"line":17,"column":1}}},"1":{"name":"(anonymous_2)","decl":{"start":{"line":12,"column":32},"end":{"line":12,"column":33}},"loc":{"start":{"line":12,"column":46},"end":{"line":16,"column":3}}}},"branchMap":{"0":{"loc":{"start":{"line":4,"column":19},"end":{"line":4,"column":58}},"type":"binary-expr","locations":[{"start":{"line":4,"column":19},"end":{"line":4,"column":41}},{"start":{"line":4,"column":45},"end":{"line":4,"column":58}}]},"1":{"loc":{"start":{"line":8,"column":16},"end":{"line":8,"column":54}},"type":"binary-expr","locations":[{"start":{"line":8,"column":16},"end":{"line":8,"column":26}},{"start":{"line":8,"column":30},"end":{"line":8,"column":54}}]},"2":{"loc":{"start":{"line":9,"column":2},"end":{"line":11,"column":3}},"type":"if","locations":[{"start":{"line":9,"column":2},"end":{"line":11,"column":3}},{"start":{},"end":{}}]},"3":{"loc":{"start":{"line":13,"column":4},"end":{"line":13,"column":72}},"type":"if","locations":[{"start":{"line":13,"column":4},"end":{"line":13,"column":72}},{"start":{},"end":{}}]}},"s":{"0":2,"1":2,"2":2,"3":21,"4":21,"5":21,"6":7,"7":14,"8":14,"9":5,"10":9,"11":9,"12":2},"f":{"0":21,"1":14},"b":{"0":[2,2],"1":[21,15],"2":[7,14],"3":[5,9]}}
,"C:\\Users\\Dell\\Desktop\\threat-dashboard\\backend\\src\\routes\\auth.routes.ts": {"path":"C:\\Users\\Dell\\Desktop\\threat-dashboard\\backend\\src\\routes\\auth.routes.ts","statementMap":{"0":{"start":{"line":1,"column":0},"end":{"line":1,"column":33}},"1":{"start":{"line":2,"column":0},"end":{"line":2,"column":65}},"2":{"start":{"line":4,"column":15},"end":{"line":4,"column":23}},"3":{"start":{"line":6,"column":0},"end":{"line":6,"column":35}},"4":{"start":{"line":7,"column":0},"end":{"line":7,"column":29}},"5":{"start":{"line":9,"column":0},"end":{"line":9,"column":22}}},"fnMap":{},"branchMap":{},"s":{"0":0,"1":0,"2":0,"3":0,"4":0,"5":0},"f":{},"b":{}}
,"C:\\Users\\Dell\\Desktop\\threat-dashboard\\backend\\src\\routes\\threat.routes.ts": {"path":"C:\\Users\\Dell\\Desktop\\threat-dashboard\\backend\\src\\routes\\threat.routes.ts","statementMap":{"0":{"start":{"line":1,"column":0},"end":{"line":1,"column":33}},"1":{"start":{"line":2,"column":0},"end":{"line":2,"column":114}},"2":{"start":{"line":3,"column":0},"end":{"line":3,"column":66}},"3":{"start":{"line":4,"column":15},"end":{"line":4,"column":23}},"4":{"start":{"line":6,"column":0},"end":{"line":6,"column":30}},"5":{"start":{"line":8,"column":0},"end":{"line":8,"column":31}},"6":{"start":{"line":9,"column":0},"end":{"line":9,"column":37}},"7":{"start":{"line":10,"column":0},"end":{"line":10,"column":44}},"8":{"start":{"line":11,"column":0},"end":{"line":11,"column":34}},"9":{"start":{"line":13,"column":0},"end":{"line":13,"column":22}}},"fnMap":{},"branchMap":{},"s":{"0":0,"1":0,"2":0,"3":0,"4":0,"5":0,"6":0,"7":0,"8":0,"9":0},"f":{},"b":{}}
,"C:\\Users\\Dell\\Desktop\\threat-dashboard\\backend\\src\\scripts\\csv.ts": {"path":"C:\\Users\\Dell\\Desktop\\threat-dashboard\\backend\\src\\scripts\\csv.ts","statementMap":{"0":{"start":{"line":1,"column":0},"end":{"line":1,"column":20}},"1":{"start":{"line":2,"column":0},"end":{"line":2,"column":24}},"2":{"start":{"line":3,"column":0},"end":{"line":3,"column":29}},"3":{"start":{"line":4,"column":0},"end":{"line":4,"column":34}},"4":{"start":{"line":6,"column":17},"end":{"line":6,"column":72}},"5":{"start":{"line":9,"column":25},"end":{"line":9,"column":27}},"6":{"start":{"line":11,"column":2},"end":{"line":57,"column":7}},"7":{"start":{"line":14,"column":6},"end":{"line":42,"column":7}},"8":{"start":{"line":15,"column":27},"end":{"line":37,"column":10}},"9":{"start":{"line":39,"column":8},"end":{"line":39,"column":33}},"10":{"start":{"line":41,"column":8},"end":{"line":41,"column":66}},"11":{"start":{"line":44,"column":26},"end":{"line":57,"column":6}},"12":{"start":{"line":45,"column":6},"end":{"line":45,"column":55}},"13":{"start":{"line":47,"column":6},"end":{"line":53,"column":7}},"14":{"start":{"line":48,"column":8},"end":{"line":52,"column":9}},"15":{"start":{"line":49,"column":10},"end":{"line":49,"column":55}},"16":{"start":{"line":51,"column":10},"end":{"line":51,"column":77}},"17":{"start":{"line":55,"column":6},"end":{"line":55,"column":57}},"18":{"start":{"line":56,"column":6},"end":{"line":56,"column":22}},"19":{"start":{"line":60,"column":0},"end":{"line":63,"column":3}},"20":{"start":{"line":61,"column":2},"end":{"line":61,"column":47}},"21":{"start":{"line":62,"column":2},"end":{"line":62,"column":18}}},"fnMap":{"0":{"name":"run","decl":{"start":{"line":8,"column":15},"end":{"line":8,"column":18}},"loc":{"start":{"line":8,"column":18},"end":{"line":58,"column":null}}},"1":{"name":"(anonymous_10)","decl":{"start":{"line":13,"column":16},"end":{"line":13,"column":17}},"loc":{"start":{"line":13,"column":24},"end":{"line":43,"column":5}}},"2":{"name":"(anonymous_11)","decl":{"start":{"line":44,"column":15},"end":{"line":44,"column":24}},"loc":{"start":{"line":44,"column":26},"end":{"line":57,"column":6}}},"3":{"name":"(anonymous_12)","decl":{"start":{"line":44,"column":26},"end":{"line":44,"column":null}},"loc":{"start":{"line":44,"column":26},"end":{"line":57,"column":5}}},"4":{"name":"(anonymous_13)","decl":{"start":{"line":60,"column":12},"end":{"line":60,"column":13}},"loc":{"start":{"line":60,"column":20},"end":{"line":63,"column":1}}}},"branchMap":{"0":{"loc":{"start":{"line":16,"column":27},"end":{"line":16,"column":57}},"type":"binary-expr","locations":[{"start":{"line":16,"column":27},"end":{"line":16,"column":49}},{"start":{"line":16,"column":53},"end":{"line":16,"column":57}}]},"1":{"loc":{"start":{"line":17,"column":16},"end":{"line":19,"column":16}},"type":"cond-expr","locations":[{"start":{"line":18,"column":14},"end":{"line":18,"column":83}},{"start":{"line":19,"column":14},"end":{"line":19,"column":16}}]},"2":{"loc":{"start":{"line":20,"column":24},"end":{"line":20,"column":51}},"type":"binary-expr","locations":[{"start":{"line":20,"column":24},"end":{"line":20,"column":43}},{"start":{"line":20,"column":47},"end":{"line":20,"column":51}}]},"3":{"loc":{"start":{"line":21,"column":25},"end":{"line":21,"column":53}},"type":"binary-expr","locations":[{"start":{"line":21,"column":25},"end":{"line":21,"column":45}},{"start":{"line":21,"column":49},"end":{"line":21,"column":53}}]},"4":{"loc":{"start":{"line":22,"column":21},"end":{"line":22,"column":57}},"type":"binary-expr","locations":[{"start":{"line":22,"column":21},"end":{"line":22,"column":49}},{"start":{"line":22,"column":53},"end":{"line":22,"column":57}}]},"5":{"loc":{"start":{"line":23,"column":21},"end":{"line":23,"column":95}},"type":"cond-expr","locations":[{"start":{"line":23,"column":50},"end":{"line":23,"column":88}},{"start":{"line":23,"column":91},"end":{"line":23,"column":95}}]},"6":{"loc":{"start":{"line":24,"column":26},"end":{"line":24,"column":85}},"type":"cond-expr","locations":[{"start":{"line":24,"column":50},"end":{"line":24,"column":81}},{"start":{"line":24,"column":84},"end":{"line":24,"column":85}}]},"7":{"loc":{"start":{"line":25,"column":28},"end":{"line":25,"column":68}},"type":"binary-expr","locations":[{"start":{"line":25,"column":28},"end":{"line":25,"column":60}},{"start":{"line":25,"column":64},"end":{"line":25,"column":68}}]},"8":{"loc":{"start":{"line":26,"column":28},"end":{"line":26,"column":70}},"type":"binary-expr","locations":[{"start":{"line":26,"column":28},"end":{"line":26,"column":62}},{"start":{"line":26,"column":66},"end":{"line":26,"column":70}}]},"9":{"loc":{"start":{"line":27,"column":22},"end":{"line":27,"column":95}},"type":"cond-expr","locations":[{"start":{"line":27,"column":53},"end":{"line":27,"column":91}},{"start":{"line":27,"column":94},"end":{"line":27,"column":95}}]},"10":{"loc":{"start":{"line":28,"column":38},"end":{"line":28,"column":79}},"type":"binary-expr","locations":[{"start":{"line":28,"column":38},"end":{"line":28,"column":71}},{"start":{"line":28,"column":75},"end":{"line":28,"column":79}}]},"11":{"loc":{"start":{"line":29,"column":20},"end":{"line":31,"column":16}},"type":"cond-expr","locations":[{"start":{"line":30,"column":14},"end":{"line":30,"column":70}},{"start":{"line":31,"column":14},"end":{"line":31,"column":16}}]},"12":{"loc":{"start":{"line":32,"column":26},"end":{"line":34,"column":16}},"type":"cond-expr","locations":[{"start":{"line":33,"column":14},"end":{"line":33,"column":72}},{"start":{"line":34,"column":14},"end":{"line":34,"column":16}}]},"13":{"loc":{"start":{"line":35,"column":23},"end":{"line":35,"column":59}},"type":"binary-expr","locations":[{"start":{"line":35,"column":23},"end":{"line":35,"column":51}},{"start":{"line":35,"column":55},"end":{"line":35,"column":59}}]},"14":{"loc":{"start":{"line":36,"column":22},"end":{"line":36,"column":73}},"type":"cond-expr","locations":[{"start":{"line":36,"column":42},"end":{"line":36,"column":69}},{"start":{"line":36,"column":72},"end":{"line":36,"column":73}}]}},"s":{"0":0,"1":0,"2":0,"3":0,"4":0,"5":0,"6":0,"7":0,"8":0,"9":0,"10":0,"11":0,"12":0,"13":0,"14":0,"15":0,"16":0,"17":0,"18":0,"19":0,"20":0,"21":0},"f":{"0":0,"1":0,"2":0,"3":0,"4":0},"b":{"0":[0,0],"1":[0,0],"2":[0,0],"3":[0,0],"4":[0,0],"5":[0,0],"6":[0,0],"7":[0,0],"8":[0,0],"9":[0,0],"10":[0,0],"11":[0,0],"12":[0,0],"13":[0,0],"14":[0,0]}}
}
