TN:
SF:src\index.ts
FN:15,(anonymous_1)
FNF:1
FNH:0
FNDA:0,(anonymous_1)
DA:1,0
DA:2,0
DA:3,0
DA:4,0
DA:5,0
DA:7,0
DA:8,0
DA:9,0
DA:10,0
DA:11,0
DA:12,0
DA:13,0
DA:15,0
DA:16,0
LF:14
LH:0
BRDA:9,0,0,0
BRDA:9,0,1,0
BRF:2
BRH:0
end_of_record
TN:
SF:src\controllers\auth.controller.ts
FN:8,(anonymous_8)
FN:8,(anonymous_9)
FN:28,(anonymous_10)
FN:28,(anonymous_11)
FNF:4
FNH:4
FNDA:6,(anonymous_8)
FNDA:6,(anonymous_9)
FNDA:5,(anonymous_10)
FNDA:5,(anonymous_11)
DA:2,1
DA:3,1
DA:4,1
DA:6,1
DA:8,6
DA:9,6
DA:10,6
DA:11,2
DA:13,4
DA:14,4
DA:15,4
DA:16,1
DA:18,3
DA:19,3
DA:22,3
DA:24,0
DA:28,5
DA:29,5
DA:30,5
DA:31,2
DA:33,3
DA:34,3
DA:35,3
DA:36,1
DA:38,2
DA:39,2
DA:40,1
DA:42,1
DA:43,1
DA:45,0
LF:30
LH:28
BRDA:6,0,0,1
BRDA:6,0,1,1
BRDA:10,1,0,2
BRDA:10,1,1,4
BRDA:10,2,0,6
BRDA:10,2,1,5
BRDA:15,3,0,1
BRDA:15,3,1,3
BRDA:30,4,0,2
BRDA:30,4,1,3
BRDA:30,5,0,5
BRDA:30,5,1,4
BRDA:35,6,0,1
BRDA:35,6,1,2
BRDA:39,7,0,1
BRDA:39,7,1,1
BRF:16
BRH:16
end_of_record
TN:
SF:src\controllers\threat.controller.ts
FN:4,(anonymous_8)
FN:4,(anonymous_9)
FN:51,(anonymous_10)
FN:51,(anonymous_11)
FN:67,(anonymous_12)
FN:67,(anonymous_13)
FN:87,(anonymous_14)
FN:87,(anonymous_15)
FN:94,(anonymous_16)
FNF:9
FNH:9
FNDA:3,(anonymous_8)
FNDA:3,(anonymous_9)
FNDA:2,(anonymous_10)
FNDA:2,(anonymous_11)
FNDA:1,(anonymous_12)
FNDA:1,(anonymous_13)
FNDA:1,(anonymous_14)
FNDA:1,(anonymous_15)
FNDA:2,(anonymous_16)
DA:2,1
DA:4,3
DA:5,3
DA:6,3
DA:8,3
DA:10,3
DA:11,3
DA:12,1
DA:18,3
DA:20,3
DA:27,3
DA:28,3
DA:29,3
DA:31,3
DA:47,0
DA:51,2
DA:52,2
DA:53,2
DA:57,2
DA:58,1
DA:59,1
DA:61,1
DA:63,0
DA:67,1
DA:68,1
DA:69,1
DA:71,1
DA:76,1
DA:81,1
DA:83,0
DA:87,1
DA:88,1
DA:89,1
DA:94,2
DA:96,0
LF:35
LH:31
BRDA:6,0,0,3
BRDA:6,1,0,3
BRDA:10,2,0,1
BRDA:10,2,1,2
BRDA:11,3,0,1
BRDA:11,3,1,2
BRDA:42,4,0,3
BRDA:42,4,1,2
BRDA:43,5,0,3
BRDA:43,5,1,2
BRDA:57,6,0,1
BRDA:57,6,1,1
BRF:12
BRH:12
end_of_record
TN:
SF:src\db\prisma.ts
FNF:0
FNH:0
DA:1,2
DA:2,2
DA:3,2
LF:3
LH:3
BRF:0
BRH:0
end_of_record
TN:
SF:src\middleware\auth.middleware.ts
FN:6,(anonymous_1)
FN:12,(anonymous_2)
FNF:2
FNH:2
FNDA:21,(anonymous_1)
FNDA:14,(anonymous_2)
DA:2,2
DA:4,2
DA:6,2
DA:7,21
DA:8,21
DA:9,21
DA:10,7
DA:12,14
DA:13,14
DA:14,9
DA:15,9
LF:11
LH:11
BRDA:4,0,0,2
BRDA:4,0,1,2
BRDA:8,1,0,21
BRDA:8,1,1,15
BRDA:9,2,0,7
BRDA:9,2,1,14
BRDA:13,3,0,5
BRDA:13,3,1,9
BRF:8
BRH:8
end_of_record
TN:
SF:src\routes\auth.routes.ts
FNF:0
FNH:0
DA:1,0
DA:2,0
DA:4,0
DA:6,0
DA:7,0
DA:9,0
LF:6
LH:0
BRF:0
BRH:0
end_of_record
TN:
SF:src\routes\threat.routes.ts
FNF:0
FNH:0
DA:1,0
DA:2,0
DA:3,0
DA:4,0
DA:6,0
DA:8,0
DA:9,0
DA:10,0
DA:11,0
DA:13,0
LF:10
LH:0
BRF:0
BRH:0
end_of_record
TN:
SF:src\scripts\csv.ts
FN:8,run
FN:13,(anonymous_10)
FN:44,(anonymous_11)
FN:44,(anonymous_12)
FN:60,(anonymous_13)
FNF:5
FNH:0
FNDA:0,run
FNDA:0,(anonymous_10)
FNDA:0,(anonymous_11)
FNDA:0,(anonymous_12)
FNDA:0,(anonymous_13)
DA:1,0
DA:2,0
DA:3,0
DA:4,0
DA:6,0
DA:9,0
DA:11,0
DA:14,0
DA:15,0
DA:39,0
DA:41,0
DA:44,0
DA:45,0
DA:47,0
DA:48,0
DA:49,0
DA:51,0
DA:55,0
DA:56,0
DA:60,0
DA:61,0
DA:62,0
LF:22
LH:0
BRDA:16,0,0,0
BRDA:16,0,1,0
BRDA:17,1,0,0
BRDA:17,1,1,0
BRDA:20,2,0,0
BRDA:20,2,1,0
BRDA:21,3,0,0
BRDA:21,3,1,0
BRDA:22,4,0,0
BRDA:22,4,1,0
BRDA:23,5,0,0
BRDA:23,5,1,0
BRDA:24,6,0,0
BRDA:24,6,1,0
BRDA:25,7,0,0
BRDA:25,7,1,0
BRDA:26,8,0,0
BRDA:26,8,1,0
BRDA:27,9,0,0
BRDA:27,9,1,0
BRDA:28,10,0,0
BRDA:28,10,1,0
BRDA:29,11,0,0
BRDA:29,11,1,0
BRDA:32,12,0,0
BRDA:32,12,1,0
BRDA:35,13,0,0
BRDA:35,13,1,0
BRDA:36,14,0,0
BRDA:36,14,1,0
BRF:30
BRH:0
end_of_record
